<?xml version="1.0" encoding="UTF-8"?>
<!-- Generated by org.testng.reporters.JUnitReportReporter -->
<testsuite skipped="0" hostname="LAPTOP-I5MPUN7Q" name="com.testcases.HomePageTest" tests="1" failures="0" timestamp="2022-04-04T17:58:05 IST" time="15.114" errors="0">
  <testcase name="verifyHomeTitle" time="15.114" classname="com.testcases.HomePageTest"/>
  <system-out/>
</testsuite> <!-- com.testcases.HomePageTest -->
