<?xml version="1.0" encoding="UTF-8"?>
<!-- Generated by org.testng.reporters.JUnitReportReporter -->
<testsuite skipped="0" hostname="LAPTOP-I5MPUN7Q" name="com.testcases.LoginPageTest" tests="1" failures="0" timestamp="2022-04-04T17:36:35 IST" time="12.298" errors="0">
  <testcase name="loginTest" time="12.298" classname="com.testcases.LoginPageTest"/>
  <system-out/>
</testsuite> <!-- com.testcases.LoginPageTest -->
