<?xml version="1.0" encoding="UTF-8"?>
<!-- Generated by org.testng.reporters.JUnitReportReporter -->
<testsuite skipped="0" hostname="LAPTOP-I5MPUN7Q" name="regression.VerifyTitle" tests="1" failures="0" timestamp="2022-03-17T13:24:49 IST" time="17.801" errors="0">
  <testcase name="test1" time="17.801" classname="regression.VerifyTitle"/>
  <system-out/>
</testsuite> <!-- regression.VerifyTitle -->
