<?xml version="1.0" encoding="UTF-8"?>
<!-- Generated by org.testng.reporters.JUnitReportReporter -->
<testsuite skipped="0" hostname="LAPTOP-I5MPUN7Q" name="regression.LaunchBrowser" tests="1" failures="0" timestamp="2022-03-17T15:36:06 IST" time="16.359" errors="0">
  <testcase name="setup" time="16.359" classname="regression.LaunchBrowser"/>
  <system-out/>
</testsuite> <!-- regression.LaunchBrowser -->
