<?xml version="1.0" encoding="UTF-8"?>
<!-- Generated by org.testng.reporters.JUnitReportReporter -->
<testsuite skipped="0" hostname="LAPTOP-I5MPUN7Q" name="com.testcases.LoginPageTest" tests="1" failures="0" timestamp="2022-04-05T12:39:16 IST" time="12.331" errors="0">
  <testcase name="loginTest" time="12.331" classname="com.testcases.LoginPageTest"/>
  <system-out/>
</testsuite> <!-- com.testcases.LoginPageTest -->
