<?xml version="1.0" encoding="UTF-8"?>
<!-- Generated by org.testng.reporters.JUnitReportReporter -->
<testsuite skipped="0" hostname="LAPTOP-I5MPUN7Q" name="loginCredential.OrangeHrm" tests="1" failures="0" timestamp="2022-03-16T13:02:35 IST" time="8.087" errors="0">
  <testcase name="login" time="8.087" classname="loginCredential.OrangeHrm"/>
  <system-out/>
</testsuite> <!-- loginCredential.OrangeHrm -->
