<?xml version="1.0" encoding="UTF-8"?>
<!-- Generated by org.testng.reporters.JUnitReportReporter -->
<testsuite hostname="LAPTOP-I5MPUN7Q" failures="0" tests="1" name="regression.LaunchBrowser" time="18.466" errors="0" timestamp="2022-03-17T10:55:08 IST" skipped="0">
  <testcase classname="regression.LaunchBrowser" name="setup" time="18.466"/>
  <system-out/>
</testsuite> <!-- regression.LaunchBrowser -->
