<?xml version="1.0" encoding="UTF-8"?>
<!-- Generated by org.testng.reporters.JUnitReportReporter -->
<testsuite hostname="LAPTOP-I5MPUN7Q" failures="0" tests="1" name="regression.VerifyTitle" time="12.581" errors="0" timestamp="2022-03-16T22:56:16 IST" skipped="0">
  <testcase classname="regression.VerifyTitle" name="test1" time="12.581"/>
  <system-out/>
</testsuite> <!-- regression.VerifyTitle -->
