<?xml version="1.0" encoding="UTF-8"?>
<!-- Generated by org.testng.reporters.JUnitReportReporter -->
<testsuite hostname="LAPTOP-I5MPUN7Q" failures="0" tests="1" name="test.VerifyTitle" time="5.587" errors="0" timestamp="2022-03-17T11:54:12 IST" skipped="0">
  <testcase classname="test.VerifyTitle" name="test1" time="5.587"/>
  <system-out/>
</testsuite> <!-- test.VerifyTitle -->
