<?xml version="1.0" encoding="UTF-8"?>
<!-- Generated by org.testng.reporters.JUnitReportReporter -->
<testsuite skipped="0" hostname="LAPTOP-I5MPUN7Q" name="sample.Facebook" tests="1" failures="0" timestamp="2022-04-05T10:44:53 IST" time="4.172" errors="0">
  <testcase name="captureScreenshot" time="4.172" classname="sample.Facebook"/>
  <system-out/>
</testsuite> <!-- sample.Facebook -->
