<?xml version="1.0" encoding="UTF-8"?>
<!-- Generated by org.testng.reporters.JUnitReportReporter -->
<testsuite skipped="0" hostname="LAPTOP-I5MPUN7Q" name="dataProvider.DataProvider_Sample" tests="3" failures="0" timestamp="2022-04-05T14:36:46 IST" time="40.977" errors="0">
  <testcase name="login" time="13.563" classname="dataProvider.DataProvider_Sample"/>
  <system-out/>
  <testcase name="login" time="13.910" classname="dataProvider.DataProvider_Sample"/>
  <system-out/>
  <testcase name="login" time="13.504" classname="dataProvider.DataProvider_Sample"/>
  <system-out/>
</testsuite> <!-- dataProvider.DataProvider_Sample -->
